Build started 7/14/2015 8:12:52 PM.
     1>Project "C:\Users\Jinyoung\Documents\Visual Studio 2013\Projects\Game\Engine\Engine.vcxproj" on node 2 (Build target(s)).
     1>Lib:
         C:\Program Files (x86)\Microsoft Visual Studio 12.0\VC\bin\Lib.exe /OUT:"C:\Users\Jinyoung\Documents\Visual Studio 2013\Projects\Game\Release\Engine.lib" SDL2.lib SDL2main.lib opengl32.lib glew32.lib /NOLOGO /LTCG Release\Camera2D.obj
         Release\Engine.obj
         Release\Errors.obj
         Release\GLSLProgram.obj
         Release\ImageLoader.obj
         Release\InputManager.obj
         Release\IOManager.obj
         Release\picoPNG.obj
         Release\ResourceManager.obj
         Release\Sprite.obj
         Release\SpriteBatch.obj
         Release\TextureCache.obj
         Release\Timing.obj
         Release\Window.obj
     1>opengl32.lib(OPENGL32.dll) : warning LNK4006: __NULL_IMPORT_DESCRIPTOR already defined in SDL2.lib(SDL2.dll); second definition ignored
     1>glew32.lib(glew32.dll) : warning LNK4006: __NULL_IMPORT_DESCRIPTOR already defined in SDL2.lib(SDL2.dll); second definition ignored
         Engine.vcxproj -> C:\Users\Jinyoung\Documents\Visual Studio 2013\Projects\Game\Release\Engine.lib
     1>Done Building Project "C:\Users\Jinyoung\Documents\Visual Studio 2013\Projects\Game\Engine\Engine.vcxproj" (Build target(s)).

Build succeeded.

Time Elapsed 00:00:00.79
