Build started 7/14/2015 7:27:51 PM.
     1>Project "C:\Users\Jinyoung\Documents\Visual Studio 2013\Projects\Game\Engine\Engine.vcxproj" on node 2 (Build target(s)).
     1>ClCompile:
         C:\Program Files (x86)\Microsoft Visual Studio 12.0\VC\bin\CL.exe /c /ZI /nologo /W3 /WX- /sdl /Od /Oy- /D WIN32 /D _DEBUG /D _LIB /D _UNICODE /D UNICODE /Gm /EHsc /RTC1 /MDd /GS /fp:precise /Zc:wchar_t /Zc:forScope /Fo"Debug\\" /Fd"Debug\vc120.pdb" /Gd /TP /analyze- /errorReport:prompt Camera2D.cpp
         Camera2D.cpp
       Lib:
         C:\Program Files (x86)\Microsoft Visual Studio 12.0\VC\bin\Lib.exe /OUT:"C:\Users\Jinyoung\Documents\Visual Studio 2013\Projects\Game\Debug\Engine.lib" /NOLOGO Debug\Camera2D.obj
         Debug\Engine.obj
         Debug\Errors.obj
         Debug\GLSLProgram.obj
         Debug\ImageLoader.obj
         Debug\InputManager.obj
         Debug\IOManager.obj
         Debug\picoPNG.obj
         Debug\ResourceManager.obj
         Debug\Sprite.obj
         Debug\SpriteBatch.obj
         Debug\TextureCache.obj
         Debug\Timing.obj
         Debug\Window.obj
         Engine.vcxproj -> C:\Users\Jinyoung\Documents\Visual Studio 2013\Projects\Game\Debug\Engine.lib
     1>Done Building Project "C:\Users\Jinyoung\Documents\Visual Studio 2013\Projects\Game\Engine\Engine.vcxproj" (Build target(s)).

Build succeeded.

Time Elapsed 00:00:02.23
