Build started 7/14/2015 7:27:54 PM.
     1>Project "C:\Users\Jinyoung\Documents\Visual Studio 2013\Projects\Game\ZombieGame\ZombieGame.vcxproj" on node 2 (Build target(s)).
     1>ClCompile:
         C:\Program Files (x86)\Microsoft Visual Studio 12.0\VC\bin\CL.exe /c /ZI /nologo /W3 /WX- /sdl /Od /Oy- /D WIN32 /D _DEBUG /D _CONSOLE /D _LIB /D _UNICODE /D UNICODE /Gm /EHsc /RTC1 /MDd /GS /fp:precise /Zc:wchar_t /Zc:forScope /Fo"Debug\\" /Fd"Debug\vc120.pdb" /Gd /TP /analyze- /errorReport:prompt MainGame.cpp Player.cpp main.cpp
         MainGame.cpp
     1>c:\users\jinyoung\documents\visual studio 2013\projects\game\zombiegame\maingame.cpp(31): warning C4018: '<' : signed/unsigned mismatch
     1>c:\users\jinyoung\documents\visual studio 2013\projects\game\zombiegame\maingame.cpp(35): warning C4018: '<' : signed/unsigned mismatch
     1>c:\users\jinyoung\documents\visual studio 2013\projects\game\zombiegame\maingame.cpp(38): warning C4018: '<' : signed/unsigned mismatch
     1>c:\users\jinyoung\documents\visual studio 2013\projects\game\zombiegame\maingame.cpp(83): warning C4244: 'argument' : conversion from 'time_t' to 'unsigned long', possible loss of data
     1>c:\users\jinyoung\documents\visual studio 2013\projects\game\zombiegame\maingame.cpp(96): warning C4018: '<' : signed/unsigned mismatch
     1>c:\users\jinyoung\documents\visual studio 2013\projects\game\zombiegame\maingame.cpp(149): warning C4244: 'argument' : conversion from 'time_t' to 'unsigned long', possible loss of data
     1>c:\users\jinyoung\documents\visual studio 2013\projects\game\zombiegame\maingame.cpp(152): warning C4018: '<' : signed/unsigned mismatch
     1>c:\users\jinyoung\documents\visual studio 2013\projects\game\zombiegame\maingame.cpp(159): warning C4018: '<' : signed/unsigned mismatch
     1>c:\users\jinyoung\documents\visual studio 2013\projects\game\zombiegame\maingame.cpp(166): warning C4018: '<' : signed/unsigned mismatch
     1>c:\users\jinyoung\documents\visual studio 2013\projects\game\zombiegame\maingame.cpp(168): warning C4018: '<' : signed/unsigned mismatch
     1>c:\users\jinyoung\documents\visual studio 2013\projects\game\zombiegame\maingame.cpp(172): warning C4018: '<' : signed/unsigned mismatch
     1>c:\users\jinyoung\documents\visual studio 2013\projects\game\zombiegame\maingame.cpp(192): warning C4018: '<' : signed/unsigned mismatch
     1>c:\users\jinyoung\documents\visual studio 2013\projects\game\zombiegame\maingame.cpp(194): warning C4018: '<' : signed/unsigned mismatch
     1>c:\users\jinyoung\documents\visual studio 2013\projects\game\zombiegame\maingame.cpp(204): warning C4018: '<' : signed/unsigned mismatch
     1>c:\users\jinyoung\documents\visual studio 2013\projects\game\zombiegame\maingame.cpp(218): warning C4018: '<' : signed/unsigned mismatch
     1>c:\users\jinyoung\documents\visual studio 2013\projects\game\zombiegame\maingame.cpp(221): warning C4018: '<' : signed/unsigned mismatch
     1>c:\users\jinyoung\documents\visual studio 2013\projects\game\zombiegame\maingame.cpp(250): warning C4018: '<' : signed/unsigned mismatch
     1>c:\users\jinyoung\documents\visual studio 2013\projects\game\zombiegame\maingame.cpp(304): warning C4244: 'argument' : conversion from 'Sint32' to 'float', possible loss of data
     1>c:\users\jinyoung\documents\visual studio 2013\projects\game\zombiegame\maingame.cpp(349): warning C4018: '<' : signed/unsigned mismatch
     1>c:\users\jinyoung\documents\visual studio 2013\projects\game\zombiegame\maingame.cpp(354): warning C4018: '<' : signed/unsigned mismatch
     1>c:\users\jinyoung\documents\visual studio 2013\projects\game\zombiegame\maingame.cpp(359): warning C4018: '<' : signed/unsigned mismatch
         Generating Code...
         Skipping... (no relevant changes detected)
         main.cpp
         Player.cpp
       Link:
         C:\Program Files (x86)\Microsoft Visual Studio 12.0\VC\bin\link.exe /ERRORREPORT:PROMPT /OUT:"C:\Users\Jinyoung\Documents\Visual Studio 2013\Projects\Game\Debug\ZombieGame.exe" /INCREMENTAL /NOLOGO SDL2.lib SDL2main.lib opengl32.lib glew32.lib Engine.lib kernel32.lib user32.lib gdi32.lib winspool.lib comdlg32.lib advapi32.lib shell32.lib ole32.lib oleaut32.lib uuid.lib odbc32.lib odbccp32.lib /MANIFEST /MANIFESTUAC:"level='asInvoker' uiAccess='false'" /manifest:embed /DEBUG /PDB:"C:\Users\Jinyoung\Documents\Visual Studio 2013\Projects\Game\Debug\ZombieGame.pdb" /SUBSYSTEM:CONSOLE /TLBID:1 /DYNAMICBASE /NXCOMPAT /IMPLIB:"C:\Users\Jinyoung\Documents\Visual Studio 2013\Projects\Game\Debug\ZombieGame.lib" /MACHINE:X86 Debug\Agent.obj
         Debug\Bullet.obj
         Debug\Gun.obj
         Debug\Human.obj
         Debug\Level.obj
         Debug\main.obj
         Debug\MainGame.obj
         Debug\Player.obj
         Debug\Zombie.obj
     1>MSVCRTD.lib(cinitexe.obj) : warning LNK4098: defaultlib 'msvcrt.lib' conflicts with use of other libs; use /NODEFAULTLIB:library
         ZombieGame.vcxproj -> C:\Users\Jinyoung\Documents\Visual Studio 2013\Projects\Game\Debug\ZombieGame.exe
     1>Done Building Project "C:\Users\Jinyoung\Documents\Visual Studio 2013\Projects\Game\ZombieGame\ZombieGame.vcxproj" (Build target(s)).

Build succeeded.

Time Elapsed 00:00:01.35
