Build started 7/14/2015 8:55:54 PM.
     1>Project "C:\Users\Jinyoung\Documents\Visual Studio 2013\Projects\Game\ZombieGame\ZombieGame.vcxproj" on node 2 (Build target(s)).
     1>ClCompile:
         C:\Program Files (x86)\Microsoft Visual Studio 12.0\VC\bin\CL.exe /c /Zi /nologo /W3 /WX- /sdl /O2 /Oi /Oy- /GL /D WIN32 /D NDEBUG /D _CONSOLE /D _LIB /D _UNICODE /D UNICODE /Gm- /EHsc /MD /GS /Gy /fp:precise /Zc:wchar_t /Zc:forScope /Fo"Release\\" /Fd"Release\vc120.pdb" /Gd /TP /analyze- /errorReport:prompt Gun.cpp
         Gun.cpp
     1>Gun.cpp(14): warning C4244: 'initializing' : conversion from 'float' to 'int', possible loss of data
     1>Gun.cpp(34): warning C4244: 'argument' : conversion from 'time_t' to 'unsigned int', possible loss of data
     1>C:\Program Files (x86)\Microsoft Visual Studio 12.0\VC\include\xmemory0(600): warning C4244: 'argument' : conversion from 'int' to 'float', possible loss of data
                 C:\Program Files (x86)\Microsoft Visual Studio 12.0\VC\include\xmemory0(723) : see reference to function template instantiation 'void std::allocator<_Ty>::construct<_Objty,const glm::vec2&,glm::tvec2<float,0>,int&,float&>(_Objty *,const glm::vec2 &,glm::tvec2<float,0> &&,int &,float &)' being compiled
                 with
                 [
                     _Ty=Bullet
         ,            _Objty=Bullet
                 ]
                 C:\Program Files (x86)\Microsoft Visual Studio 12.0\VC\include\xmemory0(723) : see reference to function template instantiation 'void std::allocator<_Ty>::construct<_Objty,const glm::vec2&,glm::tvec2<float,0>,int&,float&>(_Objty *,const glm::vec2 &,glm::tvec2<float,0> &&,int &,float &)' being compiled
                 with
                 [
                     _Ty=Bullet
         ,            _Objty=Bullet
                 ]
                 C:\Program Files (x86)\Microsoft Visual Studio 12.0\VC\include\xmemory0(872) : see reference to function template instantiation 'void std::allocator_traits<_Alloc>::construct<_Ty,const glm::vec2&,glm::tvec2<float,0>,int&,float&>(std::allocator<_Ty> &,_Objty *,const glm::vec2 &,glm::tvec2<float,0> &&,int &,float &)' being compiled
                 with
                 [
                     _Alloc=std::allocator<Bullet>
         ,            _Ty=Bullet
         ,            _Objty=Bullet
                 ]
                 C:\Program Files (x86)\Microsoft Visual Studio 12.0\VC\include\xmemory0(872) : see reference to function template instantiation 'void std::allocator_traits<_Alloc>::construct<_Ty,const glm::vec2&,glm::tvec2<float,0>,int&,float&>(std::allocator<_Ty> &,_Objty *,const glm::vec2 &,glm::tvec2<float,0> &&,int &,float &)' being compiled
                 with
                 [
                     _Alloc=std::allocator<Bullet>
         ,            _Ty=Bullet
         ,            _Objty=Bullet
                 ]
                 C:\Program Files (x86)\Microsoft Visual Studio 12.0\VC\include\vector(899) : see reference to function template instantiation 'void std::_Wrap_alloc<std::allocator<_Ty>>::construct<Bullet,const glm::vec2&,glm::tvec2<float,0>,int&,float&>(_Ty *,const glm::vec2 &,glm::tvec2<float,0> &&,int &,float &)' being compiled
                 with
                 [
                     _Ty=Bullet
                 ]
                 C:\Program Files (x86)\Microsoft Visual Studio 12.0\VC\include\vector(899) : see reference to function template instantiation 'void std::_Wrap_alloc<std::allocator<_Ty>>::construct<Bullet,const glm::vec2&,glm::tvec2<float,0>,int&,float&>(_Ty *,const glm::vec2 &,glm::tvec2<float,0> &&,int &,float &)' being compiled
                 with
                 [
                     _Ty=Bullet
                 ]
                 Gun.cpp(44) : see reference to function template instantiation 'void std::vector<Bullet,std::allocator<_Ty>>::emplace_back<const glm::vec2&,glm::tvec2<float,0>,int&,float&>(const glm::vec2 &,glm::tvec2<float,0> &&,int &,float &)' being compiled
                 with
                 [
                     _Ty=Bullet
                 ]
                 Gun.cpp(44) : see reference to function template instantiation 'void std::vector<Bullet,std::allocator<_Ty>>::emplace_back<const glm::vec2&,glm::tvec2<float,0>,int&,float&>(const glm::vec2 &,glm::tvec2<float,0> &&,int &,float &)' being compiled
                 with
                 [
                     _Ty=Bullet
                 ]
       Link:
         C:\Program Files (x86)\Microsoft Visual Studio 12.0\VC\bin\link.exe /ERRORREPORT:PROMPT /OUT:"C:\Users\Jinyoung\Documents\Visual Studio 2013\Projects\Game\Release\ZombieGame.exe" /INCREMENTAL /NOLOGO /LIBPATH:"C:\Users\Jinyoung\Documents\Visual Studio 2013\Projects\Game\deps/lib/" SDL2.lib SDL2main.lib opengl32.lib glew32.lib Engine.lib kernel32.lib user32.lib gdi32.lib winspool.lib comdlg32.lib advapi32.lib shell32.lib ole32.lib oleaut32.lib uuid.lib odbc32.lib odbccp32.lib /MANIFEST /MANIFESTUAC:"level='asInvoker' uiAccess='false'" /manifest:embed /DEBUG /PDB:"C:\Users\Jinyoung\Documents\Visual Studio 2013\Projects\Game\Release\ZombieGame.pdb" /SUBSYSTEM:CONSOLE /OPT:REF /OPT:ICF /LTCG /TLBID:1 /DYNAMICBASE /NXCOMPAT /IMPLIB:"C:\Users\Jinyoung\Documents\Visual Studio 2013\Projects\Game\Release\ZombieGame.lib" /MACHINE:X86 /SAFESEH Release\Agent.obj
         Release\Bullet.obj
         Release\Gun.obj
         Release\Human.obj
         Release\Level.obj
         Release\main.obj
         Release\MainGame.obj
         Release\Player.obj
         Release\Zombie.obj
     1>LINK : warning LNK4075: ignoring '/INCREMENTAL' due to '/LTCG' specification
         Generating code
         Finished generating code
         ZombieGame.vcxproj -> C:\Users\Jinyoung\Documents\Visual Studio 2013\Projects\Game\Release\ZombieGame.exe
     1>Done Building Project "C:\Users\Jinyoung\Documents\Visual Studio 2013\Projects\Game\ZombieGame\ZombieGame.vcxproj" (Build target(s)).

Build succeeded.

Time Elapsed 00:00:03.78
